CRITICAL - 2022-02-28 20:07:49 --> Undefined variable: ddetailpesanan
#0 C:\xampp\htdocs\app_cafe_devita\app\Views\MenuList.php(30): CodeIgniter\Debug\Exceptions->errorHandler(8, 'Undefined varia...', 'C:\\xampp\\htdocs...', 30, Array)
#1 C:\xampp\htdocs\app_cafe_devita\system\View\View.php(210): include('C:\\xampp\\htdocs...')
#2 C:\xampp\htdocs\app_cafe_devita\system\View\View.php(213): CodeIgniter\View\View->CodeIgniter\View\{closure}()
#3 C:\xampp\htdocs\app_cafe_devita\system\Common.php(1089): CodeIgniter\View\View->render('MenuList', Array, true)
#4 C:\xampp\htdocs\app_cafe_devita\app\Controllers\MenuController.php(23): view('MenuList', Array)
#5 C:\xampp\htdocs\app_cafe_devita\system\CodeIgniter.php(825): App\Controllers\MenuController->tampil()
#6 C:\xampp\htdocs\app_cafe_devita\system\CodeIgniter.php(412): CodeIgniter\CodeIgniter->runController(Object(App\Controllers\MenuController))
#7 C:\xampp\htdocs\app_cafe_devita\system\CodeIgniter.php(320): CodeIgniter\CodeIgniter->handleRequest(NULL, Object(Config\Cache), false)
#8 C:\xampp\htdocs\app_cafe_devita\public\index.php(37): CodeIgniter\CodeIgniter->run()
#9 C:\xampp\htdocs\app_cafe_devita\system\Commands\Server\rewrite.php(43): require_once('C:\\xampp\\htdocs...')
#10 {main}
CRITICAL - 2022-02-28 20:08:30 --> Undefined variable: dmenu
#0 C:\xampp\htdocs\app_cafe_devita\app\Views\MenuList.php(30): CodeIgniter\Debug\Exceptions->errorHandler(8, 'Undefined varia...', 'C:\\xampp\\htdocs...', 30, Array)
#1 C:\xampp\htdocs\app_cafe_devita\system\View\View.php(210): include('C:\\xampp\\htdocs...')
#2 C:\xampp\htdocs\app_cafe_devita\system\View\View.php(213): CodeIgniter\View\View->CodeIgniter\View\{closure}()
#3 C:\xampp\htdocs\app_cafe_devita\system\Common.php(1089): CodeIgniter\View\View->render('MenuList', Array, true)
#4 C:\xampp\htdocs\app_cafe_devita\app\Controllers\MenuController.php(23): view('MenuList', Array)
#5 C:\xampp\htdocs\app_cafe_devita\system\CodeIgniter.php(825): App\Controllers\MenuController->tampil()
#6 C:\xampp\htdocs\app_cafe_devita\system\CodeIgniter.php(412): CodeIgniter\CodeIgniter->runController(Object(App\Controllers\MenuController))
#7 C:\xampp\htdocs\app_cafe_devita\system\CodeIgniter.php(320): CodeIgniter\CodeIgniter->handleRequest(NULL, Object(Config\Cache), false)
#8 C:\xampp\htdocs\app_cafe_devita\public\index.php(37): CodeIgniter\CodeIgniter->run()
#9 C:\xampp\htdocs\app_cafe_devita\system\Commands\Server\rewrite.php(43): require_once('C:\\xampp\\htdocs...')
#10 {main}
CRITICAL - 2022-02-28 20:08:43 --> Undefined variable: ddata
#0 C:\xampp\htdocs\app_cafe_devita\app\Views\MenuList.php(30): CodeIgniter\Debug\Exceptions->errorHandler(8, 'Undefined varia...', 'C:\\xampp\\htdocs...', 30, Array)
#1 C:\xampp\htdocs\app_cafe_devita\system\View\View.php(210): include('C:\\xampp\\htdocs...')
#2 C:\xampp\htdocs\app_cafe_devita\system\View\View.php(213): CodeIgniter\View\View->CodeIgniter\View\{closure}()
#3 C:\xampp\htdocs\app_cafe_devita\system\Common.php(1089): CodeIgniter\View\View->render('MenuList', Array, true)
#4 C:\xampp\htdocs\app_cafe_devita\app\Controllers\MenuController.php(23): view('MenuList', Array)
#5 C:\xampp\htdocs\app_cafe_devita\system\CodeIgniter.php(825): App\Controllers\MenuController->tampil()
#6 C:\xampp\htdocs\app_cafe_devita\system\CodeIgniter.php(412): CodeIgniter\CodeIgniter->runController(Object(App\Controllers\MenuController))
#7 C:\xampp\htdocs\app_cafe_devita\system\CodeIgniter.php(320): CodeIgniter\CodeIgniter->handleRequest(NULL, Object(Config\Cache), false)
#8 C:\xampp\htdocs\app_cafe_devita\public\index.php(37): CodeIgniter\CodeIgniter->run()
#9 C:\xampp\htdocs\app_cafe_devita\system\Commands\Server\rewrite.php(43): require_once('C:\\xampp\\htdocs...')
#10 {main}
CRITICAL - 2022-02-28 20:08:45 --> Undefined variable: ddata
#0 C:\xampp\htdocs\app_cafe_devita\app\Views\MenuList.php(30): CodeIgniter\Debug\Exceptions->errorHandler(8, 'Undefined varia...', 'C:\\xampp\\htdocs...', 30, Array)
#1 C:\xampp\htdocs\app_cafe_devita\system\View\View.php(210): include('C:\\xampp\\htdocs...')
#2 C:\xampp\htdocs\app_cafe_devita\system\View\View.php(213): CodeIgniter\View\View->CodeIgniter\View\{closure}()
#3 C:\xampp\htdocs\app_cafe_devita\system\Common.php(1089): CodeIgniter\View\View->render('MenuList', Array, true)
#4 C:\xampp\htdocs\app_cafe_devita\app\Controllers\MenuController.php(23): view('MenuList', Array)
#5 C:\xampp\htdocs\app_cafe_devita\system\CodeIgniter.php(825): App\Controllers\MenuController->tampil()
#6 C:\xampp\htdocs\app_cafe_devita\system\CodeIgniter.php(412): CodeIgniter\CodeIgniter->runController(Object(App\Controllers\MenuController))
#7 C:\xampp\htdocs\app_cafe_devita\system\CodeIgniter.php(320): CodeIgniter\CodeIgniter->handleRequest(NULL, Object(Config\Cache), false)
#8 C:\xampp\htdocs\app_cafe_devita\public\index.php(37): CodeIgniter\CodeIgniter->run()
#9 C:\xampp\htdocs\app_cafe_devita\system\Commands\Server\rewrite.php(43): require_once('C:\\xampp\\htdocs...')
#10 {main}
CRITICAL - 2022-02-28 20:09:11 --> Undefined variable: dmenus
#0 C:\xampp\htdocs\app_cafe_devita\app\Views\MenuList.php(30): CodeIgniter\Debug\Exceptions->errorHandler(8, 'Undefined varia...', 'C:\\xampp\\htdocs...', 30, Array)
#1 C:\xampp\htdocs\app_cafe_devita\system\View\View.php(210): include('C:\\xampp\\htdocs...')
#2 C:\xampp\htdocs\app_cafe_devita\system\View\View.php(213): CodeIgniter\View\View->CodeIgniter\View\{closure}()
#3 C:\xampp\htdocs\app_cafe_devita\system\Common.php(1089): CodeIgniter\View\View->render('MenuList', Array, true)
#4 C:\xampp\htdocs\app_cafe_devita\app\Controllers\MenuController.php(23): view('MenuList', Array)
#5 C:\xampp\htdocs\app_cafe_devita\system\CodeIgniter.php(825): App\Controllers\MenuController->tampil()
#6 C:\xampp\htdocs\app_cafe_devita\system\CodeIgniter.php(412): CodeIgniter\CodeIgniter->runController(Object(App\Controllers\MenuController))
#7 C:\xampp\htdocs\app_cafe_devita\system\CodeIgniter.php(320): CodeIgniter\CodeIgniter->handleRequest(NULL, Object(Config\Cache), false)
#8 C:\xampp\htdocs\app_cafe_devita\public\index.php(37): CodeIgniter\CodeIgniter->run()
#9 C:\xampp\htdocs\app_cafe_devita\system\Commands\Server\rewrite.php(43): require_once('C:\\xampp\\htdocs...')
#10 {main}
CRITICAL - 2022-02-28 20:09:13 --> Undefined variable: dmenus
#0 C:\xampp\htdocs\app_cafe_devita\app\Views\MenuList.php(30): CodeIgniter\Debug\Exceptions->errorHandler(8, 'Undefined varia...', 'C:\\xampp\\htdocs...', 30, Array)
#1 C:\xampp\htdocs\app_cafe_devita\system\View\View.php(210): include('C:\\xampp\\htdocs...')
#2 C:\xampp\htdocs\app_cafe_devita\system\View\View.php(213): CodeIgniter\View\View->CodeIgniter\View\{closure}()
#3 C:\xampp\htdocs\app_cafe_devita\system\Common.php(1089): CodeIgniter\View\View->render('MenuList', Array, true)
#4 C:\xampp\htdocs\app_cafe_devita\app\Controllers\MenuController.php(23): view('MenuList', Array)
#5 C:\xampp\htdocs\app_cafe_devita\system\CodeIgniter.php(825): App\Controllers\MenuController->tampil()
#6 C:\xampp\htdocs\app_cafe_devita\system\CodeIgniter.php(412): CodeIgniter\CodeIgniter->runController(Object(App\Controllers\MenuController))
#7 C:\xampp\htdocs\app_cafe_devita\system\CodeIgniter.php(320): CodeIgniter\CodeIgniter->handleRequest(NULL, Object(Config\Cache), false)
#8 C:\xampp\htdocs\app_cafe_devita\public\index.php(37): CodeIgniter\CodeIgniter->run()
#9 C:\xampp\htdocs\app_cafe_devita\system\Commands\Server\rewrite.php(43): require_once('C:\\xampp\\htdocs...')
#10 {main}
CRITICAL - 2022-02-28 20:18:19 --> Allowed fields must be specified for model: App\Models\UserModel
#0 C:\xampp\htdocs\app_cafe_devita\system\BaseModel.php(1138): CodeIgniter\Database\Exceptions\DataException::forInvalidAllowedFields('App\\Models\\User...')
#1 C:\xampp\htdocs\app_cafe_devita\system\BaseModel.php(713): CodeIgniter\BaseModel->doProtectFields(Array)
#2 C:\xampp\htdocs\app_cafe_devita\system\Model.php(625): CodeIgniter\BaseModel->insert(Array, true)
#3 C:\xampp\htdocs\app_cafe_devita\app\Controllers\UserController.php(35): CodeIgniter\Model->insert(Array)
#4 C:\xampp\htdocs\app_cafe_devita\system\CodeIgniter.php(825): App\Controllers\UserController->simpan()
#5 C:\xampp\htdocs\app_cafe_devita\system\CodeIgniter.php(412): CodeIgniter\CodeIgniter->runController(Object(App\Controllers\UserController))
#6 C:\xampp\htdocs\app_cafe_devita\system\CodeIgniter.php(320): CodeIgniter\CodeIgniter->handleRequest(NULL, Object(Config\Cache), false)
#7 C:\xampp\htdocs\app_cafe_devita\public\index.php(37): CodeIgniter\CodeIgniter->run()
#8 C:\xampp\htdocs\app_cafe_devita\system\Commands\Server\rewrite.php(43): require_once('C:\\xampp\\htdocs...')
#9 {main}
CRITICAL - 2022-02-28 20:20:03 --> Allowed fields must be specified for model: App\Models\UserModel
#0 C:\xampp\htdocs\app_cafe_devita\system\BaseModel.php(1138): CodeIgniter\Database\Exceptions\DataException::forInvalidAllowedFields('App\\Models\\User...')
#1 C:\xampp\htdocs\app_cafe_devita\system\BaseModel.php(713): CodeIgniter\BaseModel->doProtectFields(Array)
#2 C:\xampp\htdocs\app_cafe_devita\system\Model.php(625): CodeIgniter\BaseModel->insert(Array, true)
#3 C:\xampp\htdocs\app_cafe_devita\app\Controllers\UserController.php(35): CodeIgniter\Model->insert(Array)
#4 C:\xampp\htdocs\app_cafe_devita\system\CodeIgniter.php(825): App\Controllers\UserController->simpan()
#5 C:\xampp\htdocs\app_cafe_devita\system\CodeIgniter.php(412): CodeIgniter\CodeIgniter->runController(Object(App\Controllers\UserController))
#6 C:\xampp\htdocs\app_cafe_devita\system\CodeIgniter.php(320): CodeIgniter\CodeIgniter->handleRequest(NULL, Object(Config\Cache), false)
#7 C:\xampp\htdocs\app_cafe_devita\public\index.php(37): CodeIgniter\CodeIgniter->run()
#8 C:\xampp\htdocs\app_cafe_devita\system\Commands\Server\rewrite.php(43): require_once('C:\\xampp\\htdocs...')
#9 {main}
CRITICAL - 2022-02-28 20:24:16 --> Allowed fields must be specified for model: App\Models\MenuModel
#0 C:\xampp\htdocs\app_cafe_devita\system\BaseModel.php(1138): CodeIgniter\Database\Exceptions\DataException::forInvalidAllowedFields('App\\Models\\Menu...')
#1 C:\xampp\htdocs\app_cafe_devita\system\BaseModel.php(713): CodeIgniter\BaseModel->doProtectFields(Array)
#2 C:\xampp\htdocs\app_cafe_devita\system\Model.php(625): CodeIgniter\BaseModel->insert(Array, true)
#3 C:\xampp\htdocs\app_cafe_devita\app\Controllers\MenuController.php(36): CodeIgniter\Model->insert(Array)
#4 C:\xampp\htdocs\app_cafe_devita\system\CodeIgniter.php(825): App\Controllers\MenuController->simpan()
#5 C:\xampp\htdocs\app_cafe_devita\system\CodeIgniter.php(412): CodeIgniter\CodeIgniter->runController(Object(App\Controllers\MenuController))
#6 C:\xampp\htdocs\app_cafe_devita\system\CodeIgniter.php(320): CodeIgniter\CodeIgniter->handleRequest(NULL, Object(Config\Cache), false)
#7 C:\xampp\htdocs\app_cafe_devita\public\index.php(37): CodeIgniter\CodeIgniter->run()
#8 C:\xampp\htdocs\app_cafe_devita\system\Commands\Server\rewrite.php(43): require_once('C:\\xampp\\htdocs...')
#9 {main}
CRITICAL - 2022-02-28 20:29:25 --> Allowed fields must be specified for model: App\Models\MenuModel
#0 C:\xampp\htdocs\app_cafe_devita\system\BaseModel.php(1138): CodeIgniter\Database\Exceptions\DataException::forInvalidAllowedFields('App\\Models\\Menu...')
#1 C:\xampp\htdocs\app_cafe_devita\system\BaseModel.php(713): CodeIgniter\BaseModel->doProtectFields(Array)
#2 C:\xampp\htdocs\app_cafe_devita\system\Model.php(625): CodeIgniter\BaseModel->insert(Array, true)
#3 C:\xampp\htdocs\app_cafe_devita\app\Controllers\MenuController.php(36): CodeIgniter\Model->insert(Array)
#4 C:\xampp\htdocs\app_cafe_devita\system\CodeIgniter.php(825): App\Controllers\MenuController->simpan()
#5 C:\xampp\htdocs\app_cafe_devita\system\CodeIgniter.php(412): CodeIgniter\CodeIgniter->runController(Object(App\Controllers\MenuController))
#6 C:\xampp\htdocs\app_cafe_devita\system\CodeIgniter.php(320): CodeIgniter\CodeIgniter->handleRequest(NULL, Object(Config\Cache), false)
#7 C:\xampp\htdocs\app_cafe_devita\public\index.php(37): CodeIgniter\CodeIgniter->run()
#8 C:\xampp\htdocs\app_cafe_devita\system\Commands\Server\rewrite.php(43): require_once('C:\\xampp\\htdocs...')
#9 {main}
CRITICAL - 2022-02-28 20:29:58 --> Allowed fields must be specified for model: App\Models\UserModel
#0 C:\xampp\htdocs\app_cafe_devita\system\BaseModel.php(1138): CodeIgniter\Database\Exceptions\DataException::forInvalidAllowedFields('App\\Models\\User...')
#1 C:\xampp\htdocs\app_cafe_devita\system\BaseModel.php(713): CodeIgniter\BaseModel->doProtectFields(Array)
#2 C:\xampp\htdocs\app_cafe_devita\system\Model.php(625): CodeIgniter\BaseModel->insert(Array, true)
#3 C:\xampp\htdocs\app_cafe_devita\app\Controllers\UserController.php(35): CodeIgniter\Model->insert(Array)
#4 C:\xampp\htdocs\app_cafe_devita\system\CodeIgniter.php(825): App\Controllers\UserController->simpan()
#5 C:\xampp\htdocs\app_cafe_devita\system\CodeIgniter.php(412): CodeIgniter\CodeIgniter->runController(Object(App\Controllers\UserController))
#6 C:\xampp\htdocs\app_cafe_devita\system\CodeIgniter.php(320): CodeIgniter\CodeIgniter->handleRequest(NULL, Object(Config\Cache), false)
#7 C:\xampp\htdocs\app_cafe_devita\public\index.php(37): CodeIgniter\CodeIgniter->run()
#8 C:\xampp\htdocs\app_cafe_devita\system\Commands\Server\rewrite.php(43): require_once('C:\\xampp\\htdocs...')
#9 {main}
CRITICAL - 2022-02-28 20:33:05 --> Class 'App\Models\DetailPesananModel' not found
#0 C:\xampp\htdocs\app_cafe_devita\system\CodeIgniter.php(802): App\Controllers\DetailPesananController->__construct()
#1 C:\xampp\htdocs\app_cafe_devita\system\CodeIgniter.php(403): CodeIgniter\CodeIgniter->createController()
#2 C:\xampp\htdocs\app_cafe_devita\system\CodeIgniter.php(320): CodeIgniter\CodeIgniter->handleRequest(NULL, Object(Config\Cache), false)
#3 C:\xampp\htdocs\app_cafe_devita\public\index.php(37): CodeIgniter\CodeIgniter->run()
#4 C:\xampp\htdocs\app_cafe_devita\system\Commands\Server\rewrite.php(43): require_once('C:\\xampp\\htdocs...')
#5 {main}
CRITICAL - 2022-02-28 20:33:55 --> Allowed fields must be specified for model: App\Models\MenuModel
#0 C:\xampp\htdocs\app_cafe_devita\system\BaseModel.php(1138): CodeIgniter\Database\Exceptions\DataException::forInvalidAllowedFields('App\\Models\\Menu...')
#1 C:\xampp\htdocs\app_cafe_devita\system\BaseModel.php(713): CodeIgniter\BaseModel->doProtectFields(Array)
#2 C:\xampp\htdocs\app_cafe_devita\system\Model.php(625): CodeIgniter\BaseModel->insert(Array, true)
#3 C:\xampp\htdocs\app_cafe_devita\app\Controllers\MenuController.php(36): CodeIgniter\Model->insert(Array)
#4 C:\xampp\htdocs\app_cafe_devita\system\CodeIgniter.php(825): App\Controllers\MenuController->simpan()
#5 C:\xampp\htdocs\app_cafe_devita\system\CodeIgniter.php(412): CodeIgniter\CodeIgniter->runController(Object(App\Controllers\MenuController))
#6 C:\xampp\htdocs\app_cafe_devita\system\CodeIgniter.php(320): CodeIgniter\CodeIgniter->handleRequest(NULL, Object(Config\Cache), false)
#7 C:\xampp\htdocs\app_cafe_devita\public\index.php(37): CodeIgniter\CodeIgniter->run()
#8 C:\xampp\htdocs\app_cafe_devita\system\Commands\Server\rewrite.php(43): require_once('C:\\xampp\\htdocs...')
#9 {main}
CRITICAL - 2022-02-28 20:34:23 --> Class 'App\Models\DetailPesananModel' not found
#0 C:\xampp\htdocs\app_cafe_devita\system\CodeIgniter.php(802): App\Controllers\DetailPesananController->__construct()
#1 C:\xampp\htdocs\app_cafe_devita\system\CodeIgniter.php(403): CodeIgniter\CodeIgniter->createController()
#2 C:\xampp\htdocs\app_cafe_devita\system\CodeIgniter.php(320): CodeIgniter\CodeIgniter->handleRequest(NULL, Object(Config\Cache), false)
#3 C:\xampp\htdocs\app_cafe_devita\public\index.php(37): CodeIgniter\CodeIgniter->run()
#4 C:\xampp\htdocs\app_cafe_devita\system\Commands\Server\rewrite.php(43): require_once('C:\\xampp\\htdocs...')
#5 {main}
CRITICAL - 2022-02-28 21:11:58 --> Allowed fields must be specified for model: App\Models\UserModel
#0 C:\xampp\htdocs\app_cafe_devita\system\BaseModel.php(1138): CodeIgniter\Database\Exceptions\DataException::forInvalidAllowedFields('App\\Models\\User...')
#1 C:\xampp\htdocs\app_cafe_devita\system\BaseModel.php(713): CodeIgniter\BaseModel->doProtectFields(Array)
#2 C:\xampp\htdocs\app_cafe_devita\system\Model.php(625): CodeIgniter\BaseModel->insert(Array, true)
#3 C:\xampp\htdocs\app_cafe_devita\app\Controllers\UserController.php(35): CodeIgniter\Model->insert(Array)
#4 C:\xampp\htdocs\app_cafe_devita\system\CodeIgniter.php(825): App\Controllers\UserController->simpan()
#5 C:\xampp\htdocs\app_cafe_devita\system\CodeIgniter.php(412): CodeIgniter\CodeIgniter->runController(Object(App\Controllers\UserController))
#6 C:\xampp\htdocs\app_cafe_devita\system\CodeIgniter.php(320): CodeIgniter\CodeIgniter->handleRequest(NULL, Object(Config\Cache), false)
#7 C:\xampp\htdocs\app_cafe_devita\public\index.php(37): CodeIgniter\CodeIgniter->run()
#8 C:\xampp\htdocs\app_cafe_devita\system\Commands\Server\rewrite.php(43): require_once('C:\\xampp\\htdocs...')
#9 {main}
CRITICAL - 2022-02-28 21:17:44 --> Allowed fields must be specified for model: App\Models\UserModel
#0 C:\xampp\htdocs\app_cafe_devita\system\BaseModel.php(1138): CodeIgniter\Database\Exceptions\DataException::forInvalidAllowedFields('App\\Models\\User...')
#1 C:\xampp\htdocs\app_cafe_devita\system\BaseModel.php(713): CodeIgniter\BaseModel->doProtectFields(Array)
#2 C:\xampp\htdocs\app_cafe_devita\system\Model.php(625): CodeIgniter\BaseModel->insert(Array, true)
#3 C:\xampp\htdocs\app_cafe_devita\app\Controllers\UserController.php(35): CodeIgniter\Model->insert(Array)
#4 C:\xampp\htdocs\app_cafe_devita\system\CodeIgniter.php(825): App\Controllers\UserController->simpan()
#5 C:\xampp\htdocs\app_cafe_devita\system\CodeIgniter.php(412): CodeIgniter\CodeIgniter->runController(Object(App\Controllers\UserController))
#6 C:\xampp\htdocs\app_cafe_devita\system\CodeIgniter.php(320): CodeIgniter\CodeIgniter->handleRequest(NULL, Object(Config\Cache), false)
#7 C:\xampp\htdocs\app_cafe_devita\public\index.php(37): CodeIgniter\CodeIgniter->run()
#8 C:\xampp\htdocs\app_cafe_devita\system\Commands\Server\rewrite.php(43): require_once('C:\\xampp\\htdocs...')
#9 {main}
CRITICAL - 2022-02-28 21:23:15 --> Allowed fields must be specified for model: App\Models\MenuModel
#0 C:\xampp\htdocs\app_cafe_devita\system\BaseModel.php(1138): CodeIgniter\Database\Exceptions\DataException::forInvalidAllowedFields('App\\Models\\Menu...')
#1 C:\xampp\htdocs\app_cafe_devita\system\BaseModel.php(713): CodeIgniter\BaseModel->doProtectFields(Array)
#2 C:\xampp\htdocs\app_cafe_devita\system\Model.php(625): CodeIgniter\BaseModel->insert(Array, true)
#3 C:\xampp\htdocs\app_cafe_devita\app\Controllers\MenuController.php(36): CodeIgniter\Model->insert(Array)
#4 C:\xampp\htdocs\app_cafe_devita\system\CodeIgniter.php(825): App\Controllers\MenuController->simpan()
#5 C:\xampp\htdocs\app_cafe_devita\system\CodeIgniter.php(412): CodeIgniter\CodeIgniter->runController(Object(App\Controllers\MenuController))
#6 C:\xampp\htdocs\app_cafe_devita\system\CodeIgniter.php(320): CodeIgniter\CodeIgniter->handleRequest(NULL, Object(Config\Cache), false)
#7 C:\xampp\htdocs\app_cafe_devita\public\index.php(37): CodeIgniter\CodeIgniter->run()
#8 C:\xampp\htdocs\app_cafe_devita\system\Commands\Server\rewrite.php(43): require_once('C:\\xampp\\htdocs...')
#9 {main}
CRITICAL - 2022-02-28 21:28:06 --> Allowed fields must be specified for model: App\Models\UserModel
#0 C:\xampp\htdocs\app_cafe_devita\system\BaseModel.php(1138): CodeIgniter\Database\Exceptions\DataException::forInvalidAllowedFields('App\\Models\\User...')
#1 C:\xampp\htdocs\app_cafe_devita\system\BaseModel.php(713): CodeIgniter\BaseModel->doProtectFields(Array)
#2 C:\xampp\htdocs\app_cafe_devita\system\Model.php(625): CodeIgniter\BaseModel->insert(Array, true)
#3 C:\xampp\htdocs\app_cafe_devita\app\Controllers\UserController.php(35): CodeIgniter\Model->insert(Array)
#4 C:\xampp\htdocs\app_cafe_devita\system\CodeIgniter.php(825): App\Controllers\UserController->simpan()
#5 C:\xampp\htdocs\app_cafe_devita\system\CodeIgniter.php(412): CodeIgniter\CodeIgniter->runController(Object(App\Controllers\UserController))
#6 C:\xampp\htdocs\app_cafe_devita\system\CodeIgniter.php(320): CodeIgniter\CodeIgniter->handleRequest(NULL, Object(Config\Cache), false)
#7 C:\xampp\htdocs\app_cafe_devita\public\index.php(37): CodeIgniter\CodeIgniter->run()
#8 C:\xampp\htdocs\app_cafe_devita\system\Commands\Server\rewrite.php(43): require_once('C:\\xampp\\htdocs...')
#9 {main}
ERROR - 2022-02-28 22:16:05 --> Unknown column 'gambar' in 'field list'
CRITICAL - 2022-02-28 22:16:05 --> Unknown column 'gambar' in 'field list'
#0 C:\xampp\htdocs\app_cafe_devita\system\Database\MySQLi\Connection.php(292): mysqli->query('INSERT INTO `tb...', 0)
#1 C:\xampp\htdocs\app_cafe_devita\system\Database\BaseConnection.php(670): CodeIgniter\Database\MySQLi\Connection->execute('INSERT INTO `tb...')
#2 C:\xampp\htdocs\app_cafe_devita\system\Database\BaseConnection.php(598): CodeIgniter\Database\BaseConnection->simpleQuery('INSERT INTO `tb...')
#3 C:\xampp\htdocs\app_cafe_devita\system\Database\BaseBuilder.php(1771): CodeIgniter\Database\BaseConnection->query('INSERT INTO `tb...', Array, false)
#4 C:\xampp\htdocs\app_cafe_devita\system\Model.php(239): CodeIgniter\Database\BaseBuilder->insert()
#5 C:\xampp\htdocs\app_cafe_devita\system\BaseModel.php(738): CodeIgniter\Model->doInsert(Array)
#6 C:\xampp\htdocs\app_cafe_devita\system\Model.php(625): CodeIgniter\BaseModel->insert(Array, true)
#7 C:\xampp\htdocs\app_cafe_devita\app\Controllers\MenuController.php(36): CodeIgniter\Model->insert(Array)
#8 C:\xampp\htdocs\app_cafe_devita\system\CodeIgniter.php(825): App\Controllers\MenuController->simpan()
#9 C:\xampp\htdocs\app_cafe_devita\system\CodeIgniter.php(412): CodeIgniter\CodeIgniter->runController(Object(App\Controllers\MenuController))
#10 C:\xampp\htdocs\app_cafe_devita\system\CodeIgniter.php(320): CodeIgniter\CodeIgniter->handleRequest(NULL, Object(Config\Cache), false)
#11 C:\xampp\htdocs\app_cafe_devita\public\index.php(37): CodeIgniter\CodeIgniter->run()
#12 C:\xampp\htdocs\app_cafe_devita\system\Commands\Server\rewrite.php(43): require_once('C:\\xampp\\htdocs...')
#13 {main}
ERROR - 2022-02-28 22:17:38 --> Column 'stok' cannot be null
CRITICAL - 2022-02-28 22:17:38 --> Column 'stok' cannot be null
#0 C:\xampp\htdocs\app_cafe_devita\system\Database\MySQLi\Connection.php(292): mysqli->query('INSERT INTO `tb...', 0)
#1 C:\xampp\htdocs\app_cafe_devita\system\Database\BaseConnection.php(670): CodeIgniter\Database\MySQLi\Connection->execute('INSERT INTO `tb...')
#2 C:\xampp\htdocs\app_cafe_devita\system\Database\BaseConnection.php(598): CodeIgniter\Database\BaseConnection->simpleQuery('INSERT INTO `tb...')
#3 C:\xampp\htdocs\app_cafe_devita\system\Database\BaseBuilder.php(1771): CodeIgniter\Database\BaseConnection->query('INSERT INTO `tb...', Array, false)
#4 C:\xampp\htdocs\app_cafe_devita\system\Model.php(239): CodeIgniter\Database\BaseBuilder->insert()
#5 C:\xampp\htdocs\app_cafe_devita\system\BaseModel.php(738): CodeIgniter\Model->doInsert(Array)
#6 C:\xampp\htdocs\app_cafe_devita\system\Model.php(625): CodeIgniter\BaseModel->insert(Array, true)
#7 C:\xampp\htdocs\app_cafe_devita\app\Controllers\MenuController.php(35): CodeIgniter\Model->insert(Array)
#8 C:\xampp\htdocs\app_cafe_devita\system\CodeIgniter.php(825): App\Controllers\MenuController->simpan()
#9 C:\xampp\htdocs\app_cafe_devita\system\CodeIgniter.php(412): CodeIgniter\CodeIgniter->runController(Object(App\Controllers\MenuController))
#10 C:\xampp\htdocs\app_cafe_devita\system\CodeIgniter.php(320): CodeIgniter\CodeIgniter->handleRequest(NULL, Object(Config\Cache), false)
#11 C:\xampp\htdocs\app_cafe_devita\public\index.php(37): CodeIgniter\CodeIgniter->run()
#12 C:\xampp\htdocs\app_cafe_devita\system\Commands\Server\rewrite.php(43): require_once('C:\\xampp\\htdocs...')
#13 {main}
CRITICAL - 2022-02-28 22:19:18 --> Allowed fields must be specified for model: App\Models\UserModel
#0 C:\xampp\htdocs\app_cafe_devita\system\BaseModel.php(1138): CodeIgniter\Database\Exceptions\DataException::forInvalidAllowedFields('App\\Models\\User...')
#1 C:\xampp\htdocs\app_cafe_devita\system\BaseModel.php(713): CodeIgniter\BaseModel->doProtectFields(Array)
#2 C:\xampp\htdocs\app_cafe_devita\system\Model.php(625): CodeIgniter\BaseModel->insert(Array, true)
#3 C:\xampp\htdocs\app_cafe_devita\app\Controllers\UserController.php(35): CodeIgniter\Model->insert(Array)
#4 C:\xampp\htdocs\app_cafe_devita\system\CodeIgniter.php(825): App\Controllers\UserController->simpan()
#5 C:\xampp\htdocs\app_cafe_devita\system\CodeIgniter.php(412): CodeIgniter\CodeIgniter->runController(Object(App\Controllers\UserController))
#6 C:\xampp\htdocs\app_cafe_devita\system\CodeIgniter.php(320): CodeIgniter\CodeIgniter->handleRequest(NULL, Object(Config\Cache), false)
#7 C:\xampp\htdocs\app_cafe_devita\public\index.php(37): CodeIgniter\CodeIgniter->run()
#8 C:\xampp\htdocs\app_cafe_devita\system\Commands\Server\rewrite.php(43): require_once('C:\\xampp\\htdocs...')
#9 {main}
CRITICAL - 2022-02-28 22:28:39 --> Allowed fields must be specified for model: App\Models\UserModel
#0 C:\xampp\htdocs\app_cafe_devita\system\BaseModel.php(1138): CodeIgniter\Database\Exceptions\DataException::forInvalidAllowedFields('App\\Models\\User...')
#1 C:\xampp\htdocs\app_cafe_devita\system\BaseModel.php(713): CodeIgniter\BaseModel->doProtectFields(Array)
#2 C:\xampp\htdocs\app_cafe_devita\system\Model.php(625): CodeIgniter\BaseModel->insert(Array, true)
#3 C:\xampp\htdocs\app_cafe_devita\app\Controllers\UserController.php(35): CodeIgniter\Model->insert(Array)
#4 C:\xampp\htdocs\app_cafe_devita\system\CodeIgniter.php(825): App\Controllers\UserController->simpan()
#5 C:\xampp\htdocs\app_cafe_devita\system\CodeIgniter.php(412): CodeIgniter\CodeIgniter->runController(Object(App\Controllers\UserController))
#6 C:\xampp\htdocs\app_cafe_devita\system\CodeIgniter.php(320): CodeIgniter\CodeIgniter->handleRequest(NULL, Object(Config\Cache), false)
#7 C:\xampp\htdocs\app_cafe_devita\public\index.php(37): CodeIgniter\CodeIgniter->run()
#8 C:\xampp\htdocs\app_cafe_devita\system\Commands\Server\rewrite.php(43): require_once('C:\\xampp\\htdocs...')
#9 {main}
CRITICAL - 2022-02-28 22:31:11 --> Allowed fields must be specified for model: App\Models\UserModel
#0 C:\xampp\htdocs\app_cafe_devita\system\BaseModel.php(1138): CodeIgniter\Database\Exceptions\DataException::forInvalidAllowedFields('App\\Models\\User...')
#1 C:\xampp\htdocs\app_cafe_devita\system\BaseModel.php(713): CodeIgniter\BaseModel->doProtectFields(Array)
#2 C:\xampp\htdocs\app_cafe_devita\system\Model.php(625): CodeIgniter\BaseModel->insert(Array, true)
#3 C:\xampp\htdocs\app_cafe_devita\app\Controllers\UserController.php(35): CodeIgniter\Model->insert(Array)
#4 C:\xampp\htdocs\app_cafe_devita\system\CodeIgniter.php(825): App\Controllers\UserController->simpan()
#5 C:\xampp\htdocs\app_cafe_devita\system\CodeIgniter.php(412): CodeIgniter\CodeIgniter->runController(Object(App\Controllers\UserController))
#6 C:\xampp\htdocs\app_cafe_devita\system\CodeIgniter.php(320): CodeIgniter\CodeIgniter->handleRequest(NULL, Object(Config\Cache), false)
#7 C:\xampp\htdocs\app_cafe_devita\public\index.php(37): CodeIgniter\CodeIgniter->run()
#8 C:\xampp\htdocs\app_cafe_devita\system\Commands\Server\rewrite.php(43): require_once('C:\\xampp\\htdocs...')
#9 {main}
