ERROR - 2022-03-03 18:50:54 --> Column 'stok' cannot be null
CRITICAL - 2022-03-03 18:50:54 --> Column 'stok' cannot be null
#0 C:\xampp\htdocs\app_cafe_devita\system\Database\MySQLi\Connection.php(292): mysqli->query('INSERT INTO `tb...', 0)
#1 C:\xampp\htdocs\app_cafe_devita\system\Database\BaseConnection.php(670): CodeIgniter\Database\MySQLi\Connection->execute('INSERT INTO `tb...')
#2 C:\xampp\htdocs\app_cafe_devita\system\Database\BaseConnection.php(598): CodeIgniter\Database\BaseConnection->simpleQuery('INSERT INTO `tb...')
#3 C:\xampp\htdocs\app_cafe_devita\system\Database\BaseBuilder.php(1771): CodeIgniter\Database\BaseConnection->query('INSERT INTO `tb...', Array, false)
#4 C:\xampp\htdocs\app_cafe_devita\system\Model.php(239): CodeIgniter\Database\BaseBuilder->insert()
#5 C:\xampp\htdocs\app_cafe_devita\system\BaseModel.php(738): CodeIgniter\Model->doInsert(Array)
#6 C:\xampp\htdocs\app_cafe_devita\system\Model.php(625): CodeIgniter\BaseModel->insert(Array, true)
#7 C:\xampp\htdocs\app_cafe_devita\app\Controllers\MenuController.php(35): CodeIgniter\Model->insert(Array)
#8 C:\xampp\htdocs\app_cafe_devita\system\CodeIgniter.php(825): App\Controllers\MenuController->simpan()
#9 C:\xampp\htdocs\app_cafe_devita\system\CodeIgniter.php(412): CodeIgniter\CodeIgniter->runController(Object(App\Controllers\MenuController))
#10 C:\xampp\htdocs\app_cafe_devita\system\CodeIgniter.php(320): CodeIgniter\CodeIgniter->handleRequest(NULL, Object(Config\Cache), false)
#11 C:\xampp\htdocs\app_cafe_devita\public\index.php(37): CodeIgniter\CodeIgniter->run()
#12 C:\xampp\htdocs\app_cafe_devita\system\Commands\Server\rewrite.php(43): require_once('C:\\xampp\\htdocs...')
#13 {main}
ERROR - 2022-03-03 18:52:45 --> Column 'stok' cannot be null
CRITICAL - 2022-03-03 18:52:45 --> Column 'stok' cannot be null
#0 C:\xampp\htdocs\app_cafe_devita\system\Database\MySQLi\Connection.php(292): mysqli->query('INSERT INTO `tb...', 0)
#1 C:\xampp\htdocs\app_cafe_devita\system\Database\BaseConnection.php(670): CodeIgniter\Database\MySQLi\Connection->execute('INSERT INTO `tb...')
#2 C:\xampp\htdocs\app_cafe_devita\system\Database\BaseConnection.php(598): CodeIgniter\Database\BaseConnection->simpleQuery('INSERT INTO `tb...')
#3 C:\xampp\htdocs\app_cafe_devita\system\Database\BaseBuilder.php(1771): CodeIgniter\Database\BaseConnection->query('INSERT INTO `tb...', Array, false)
#4 C:\xampp\htdocs\app_cafe_devita\system\Model.php(239): CodeIgniter\Database\BaseBuilder->insert()
#5 C:\xampp\htdocs\app_cafe_devita\system\BaseModel.php(738): CodeIgniter\Model->doInsert(Array)
#6 C:\xampp\htdocs\app_cafe_devita\system\Model.php(625): CodeIgniter\BaseModel->insert(Array, true)
#7 C:\xampp\htdocs\app_cafe_devita\app\Controllers\MenuController.php(35): CodeIgniter\Model->insert(Array)
#8 C:\xampp\htdocs\app_cafe_devita\system\CodeIgniter.php(825): App\Controllers\MenuController->simpan()
#9 C:\xampp\htdocs\app_cafe_devita\system\CodeIgniter.php(412): CodeIgniter\CodeIgniter->runController(Object(App\Controllers\MenuController))
#10 C:\xampp\htdocs\app_cafe_devita\system\CodeIgniter.php(320): CodeIgniter\CodeIgniter->handleRequest(NULL, Object(Config\Cache), false)
#11 C:\xampp\htdocs\app_cafe_devita\public\index.php(37): CodeIgniter\CodeIgniter->run()
#12 C:\xampp\htdocs\app_cafe_devita\system\Commands\Server\rewrite.php(43): require_once('C:\\xampp\\htdocs...')
#13 {main}
CRITICAL - 2022-03-03 18:53:35 --> Allowed fields must be specified for model: App\Models\UserModel
#0 C:\xampp\htdocs\app_cafe_devita\system\BaseModel.php(1138): CodeIgniter\Database\Exceptions\DataException::forInvalidAllowedFields('App\\Models\\User...')
#1 C:\xampp\htdocs\app_cafe_devita\system\BaseModel.php(713): CodeIgniter\BaseModel->doProtectFields(Array)
#2 C:\xampp\htdocs\app_cafe_devita\system\Model.php(625): CodeIgniter\BaseModel->insert(Array, true)
#3 C:\xampp\htdocs\app_cafe_devita\app\Controllers\UserController.php(35): CodeIgniter\Model->insert(Array)
#4 C:\xampp\htdocs\app_cafe_devita\system\CodeIgniter.php(825): App\Controllers\UserController->simpan()
#5 C:\xampp\htdocs\app_cafe_devita\system\CodeIgniter.php(412): CodeIgniter\CodeIgniter->runController(Object(App\Controllers\UserController))
#6 C:\xampp\htdocs\app_cafe_devita\system\CodeIgniter.php(320): CodeIgniter\CodeIgniter->handleRequest(NULL, Object(Config\Cache), false)
#7 C:\xampp\htdocs\app_cafe_devita\public\index.php(37): CodeIgniter\CodeIgniter->run()
#8 C:\xampp\htdocs\app_cafe_devita\system\Commands\Server\rewrite.php(43): require_once('C:\\xampp\\htdocs...')
#9 {main}
CRITICAL - 2022-03-03 18:57:41 --> Allowed fields must be specified for model: App\Models\UserModel
#0 C:\xampp\htdocs\app_cafe_devita\system\BaseModel.php(1138): CodeIgniter\Database\Exceptions\DataException::forInvalidAllowedFields('App\\Models\\User...')
#1 C:\xampp\htdocs\app_cafe_devita\system\BaseModel.php(713): CodeIgniter\BaseModel->doProtectFields(Array)
#2 C:\xampp\htdocs\app_cafe_devita\system\Model.php(625): CodeIgniter\BaseModel->insert(Array, true)
#3 C:\xampp\htdocs\app_cafe_devita\app\Controllers\UserController.php(35): CodeIgniter\Model->insert(Array)
#4 C:\xampp\htdocs\app_cafe_devita\system\CodeIgniter.php(825): App\Controllers\UserController->simpan()
#5 C:\xampp\htdocs\app_cafe_devita\system\CodeIgniter.php(412): CodeIgniter\CodeIgniter->runController(Object(App\Controllers\UserController))
#6 C:\xampp\htdocs\app_cafe_devita\system\CodeIgniter.php(320): CodeIgniter\CodeIgniter->handleRequest(NULL, Object(Config\Cache), false)
#7 C:\xampp\htdocs\app_cafe_devita\public\index.php(37): CodeIgniter\CodeIgniter->run()
#8 C:\xampp\htdocs\app_cafe_devita\system\Commands\Server\rewrite.php(43): require_once('C:\\xampp\\htdocs...')
#9 {main}
CRITICAL - 2022-03-03 19:55:21 --> Allowed fields must be specified for model: App\Models\UserModel
#0 C:\xampp\htdocs\app_cafe_devita\system\BaseModel.php(1138): CodeIgniter\Database\Exceptions\DataException::forInvalidAllowedFields('App\\Models\\User...')
#1 C:\xampp\htdocs\app_cafe_devita\system\BaseModel.php(713): CodeIgniter\BaseModel->doProtectFields(Array)
#2 C:\xampp\htdocs\app_cafe_devita\system\Model.php(625): CodeIgniter\BaseModel->insert(Array, true)
#3 C:\xampp\htdocs\app_cafe_devita\app\Controllers\UserController.php(35): CodeIgniter\Model->insert(Array)
#4 C:\xampp\htdocs\app_cafe_devita\system\CodeIgniter.php(825): App\Controllers\UserController->simpan()
#5 C:\xampp\htdocs\app_cafe_devita\system\CodeIgniter.php(412): CodeIgniter\CodeIgniter->runController(Object(App\Controllers\UserController))
#6 C:\xampp\htdocs\app_cafe_devita\system\CodeIgniter.php(320): CodeIgniter\CodeIgniter->handleRequest(NULL, Object(Config\Cache), false)
#7 C:\xampp\htdocs\app_cafe_devita\public\index.php(37): CodeIgniter\CodeIgniter->run()
#8 C:\xampp\htdocs\app_cafe_devita\system\Commands\Server\rewrite.php(43): require_once('C:\\xampp\\htdocs...')
#9 {main}
CRITICAL - 2022-03-03 20:29:12 --> auth filter must have a matching alias defined.
#0 C:\xampp\htdocs\app_cafe_devita\system\Filters\Filters.php(340): CodeIgniter\Filters\Exceptions\FilterException::forNoAlias('auth')
#1 C:\xampp\htdocs\app_cafe_devita\system\CodeIgniter.php(377): CodeIgniter\Filters\Filters->enableFilter('auth', 'before')
#2 C:\xampp\htdocs\app_cafe_devita\system\CodeIgniter.php(320): CodeIgniter\CodeIgniter->handleRequest(NULL, Object(Config\Cache), false)
#3 C:\xampp\htdocs\app_cafe_devita\public\index.php(37): CodeIgniter\CodeIgniter->run()
#4 C:\xampp\htdocs\app_cafe_devita\system\Commands\Server\rewrite.php(43): require_once('C:\\xampp\\htdocs...')
#5 {main}
CRITICAL - 2022-03-03 20:29:59 --> auth filter must have a matching alias defined.
#0 C:\xampp\htdocs\app_cafe_devita\system\Filters\Filters.php(340): CodeIgniter\Filters\Exceptions\FilterException::forNoAlias('auth')
#1 C:\xampp\htdocs\app_cafe_devita\system\CodeIgniter.php(377): CodeIgniter\Filters\Filters->enableFilter('auth', 'before')
#2 C:\xampp\htdocs\app_cafe_devita\system\CodeIgniter.php(320): CodeIgniter\CodeIgniter->handleRequest(NULL, Object(Config\Cache), false)
#3 C:\xampp\htdocs\app_cafe_devita\public\index.php(37): CodeIgniter\CodeIgniter->run()
#4 C:\xampp\htdocs\app_cafe_devita\system\Commands\Server\rewrite.php(43): require_once('C:\\xampp\\htdocs...')
#5 {main}
CRITICAL - 2022-03-03 20:30:01 --> auth filter must have a matching alias defined.
#0 C:\xampp\htdocs\app_cafe_devita\system\Filters\Filters.php(340): CodeIgniter\Filters\Exceptions\FilterException::forNoAlias('auth')
#1 C:\xampp\htdocs\app_cafe_devita\system\CodeIgniter.php(377): CodeIgniter\Filters\Filters->enableFilter('auth', 'before')
#2 C:\xampp\htdocs\app_cafe_devita\system\CodeIgniter.php(320): CodeIgniter\CodeIgniter->handleRequest(NULL, Object(Config\Cache), false)
#3 C:\xampp\htdocs\app_cafe_devita\public\index.php(37): CodeIgniter\CodeIgniter->run()
#4 C:\xampp\htdocs\app_cafe_devita\system\Commands\Server\rewrite.php(43): require_once('C:\\xampp\\htdocs...')
#5 {main}
CRITICAL - 2022-03-03 20:31:59 --> syntax error, unexpected ';', expecting ']'
#0 C:\xampp\htdocs\app_cafe_devita\system\Autoloader\Autoloader.php(241): CodeIgniter\Autoloader\Autoloader->includeFile('C:\\xampp\\htdocs...')
#1 C:\xampp\htdocs\app_cafe_devita\system\Autoloader\Autoloader.php(219): CodeIgniter\Autoloader\Autoloader->loadInNamespace('Config\\Filters')
#2 [internal function]: CodeIgniter\Autoloader\Autoloader->loadClass('Config\\Filters')
#3 [internal function]: spl_autoload_call('Config\\Filters')
#4 C:\xampp\htdocs\app_cafe_devita\system\Config\Factories.php(136): class_exists('Config\\Filters')
#5 C:\xampp\htdocs\app_cafe_devita\system\Config\Factories.php(106): CodeIgniter\Config\Factories::locateClass(Array, 'Filters')
#6 C:\xampp\htdocs\app_cafe_devita\system\Common.php(198): CodeIgniter\Config\Factories::__callStatic('config', Array)
#7 C:\xampp\htdocs\app_cafe_devita\system\Config\Services.php(258): config('Filters')
#8 C:\xampp\htdocs\app_cafe_devita\system\Config\BaseService.php(248): CodeIgniter\Config\Services::filters(NULL, false)
#9 C:\xampp\htdocs\app_cafe_devita\system\Config\BaseService.php(189): CodeIgniter\Config\BaseService::__callStatic('filters', Array)
#10 C:\xampp\htdocs\app_cafe_devita\system\Config\Services.php(255): CodeIgniter\Config\BaseService::getSharedInstance('filters', NULL)
#11 C:\xampp\htdocs\app_cafe_devita\system\Config\BaseService.php(248): CodeIgniter\Config\Services::filters()
#12 C:\xampp\htdocs\app_cafe_devita\system\CodeIgniter.php(366): CodeIgniter\Config\BaseService::__callStatic('filters', Array)
#13 C:\xampp\htdocs\app_cafe_devita\system\CodeIgniter.php(320): CodeIgniter\CodeIgniter->handleRequest(NULL, Object(Config\Cache), false)
#14 C:\xampp\htdocs\app_cafe_devita\public\index.php(37): CodeIgniter\CodeIgniter->run()
#15 C:\xampp\htdocs\app_cafe_devita\system\Commands\Server\rewrite.php(43): require_once('C:\\xampp\\htdocs...')
#16 {main}
CRITICAL - 2022-03-03 21:46:19 --> Undefined variable: menus
#0 C:\xampp\htdocs\app_cafe_devita\app\Views\PesananList.php(24): CodeIgniter\Debug\Exceptions->errorHandler(8, 'Undefined varia...', 'C:\\xampp\\htdocs...', 24, Array)
#1 C:\xampp\htdocs\app_cafe_devita\system\View\View.php(210): include('C:\\xampp\\htdocs...')
#2 C:\xampp\htdocs\app_cafe_devita\system\View\View.php(213): CodeIgniter\View\View->CodeIgniter\View\{closure}()
#3 C:\xampp\htdocs\app_cafe_devita\system\Common.php(1089): CodeIgniter\View\View->render('PesananList', Array, true)
#4 C:\xampp\htdocs\app_cafe_devita\app\Controllers\PesananController.php(35): view('PesananList', Array)
#5 C:\xampp\htdocs\app_cafe_devita\system\CodeIgniter.php(825): App\Controllers\PesananController->index()
#6 C:\xampp\htdocs\app_cafe_devita\system\CodeIgniter.php(412): CodeIgniter\CodeIgniter->runController(Object(App\Controllers\PesananController))
#7 C:\xampp\htdocs\app_cafe_devita\system\CodeIgniter.php(320): CodeIgniter\CodeIgniter->handleRequest(NULL, Object(Config\Cache), false)
#8 C:\xampp\htdocs\app_cafe_devita\public\index.php(37): CodeIgniter\CodeIgniter->run()
#9 C:\xampp\htdocs\app_cafe_devita\system\Commands\Server\rewrite.php(43): require_once('C:\\xampp\\htdocs...')
#10 {main}
CRITICAL - 2022-03-03 21:48:33 --> Allowed fields must be specified for model: App\Models\PesananModel
#0 C:\xampp\htdocs\app_cafe_devita\system\BaseModel.php(1138): CodeIgniter\Database\Exceptions\DataException::forInvalidAllowedFields('App\\Models\\Pesa...')
#1 C:\xampp\htdocs\app_cafe_devita\system\BaseModel.php(713): CodeIgniter\BaseModel->doProtectFields(Array)
#2 C:\xampp\htdocs\app_cafe_devita\system\Model.php(625): CodeIgniter\BaseModel->insert(Array, true)
#3 C:\xampp\htdocs\app_cafe_devita\app\Controllers\PesananController.php(92): CodeIgniter\Model->insert(Array)
#4 C:\xampp\htdocs\app_cafe_devita\system\CodeIgniter.php(825): App\Controllers\PesananController->simpan()
#5 C:\xampp\htdocs\app_cafe_devita\system\CodeIgniter.php(412): CodeIgniter\CodeIgniter->runController(Object(App\Controllers\PesananController))
#6 C:\xampp\htdocs\app_cafe_devita\system\CodeIgniter.php(320): CodeIgniter\CodeIgniter->handleRequest(NULL, Object(Config\Cache), false)
#7 C:\xampp\htdocs\app_cafe_devita\public\index.php(37): CodeIgniter\CodeIgniter->run()
#8 C:\xampp\htdocs\app_cafe_devita\system\Commands\Server\rewrite.php(43): require_once('C:\\xampp\\htdocs...')
#9 {main}
ERROR - 2022-03-03 21:49:53 --> Column 'nama_pemesan' cannot be null
CRITICAL - 2022-03-03 21:49:53 --> Column 'nama_pemesan' cannot be null
#0 C:\xampp\htdocs\app_cafe_devita\system\Database\MySQLi\Connection.php(292): mysqli->query('INSERT INTO `tb...', 0)
#1 C:\xampp\htdocs\app_cafe_devita\system\Database\BaseConnection.php(670): CodeIgniter\Database\MySQLi\Connection->execute('INSERT INTO `tb...')
#2 C:\xampp\htdocs\app_cafe_devita\system\Database\BaseConnection.php(598): CodeIgniter\Database\BaseConnection->simpleQuery('INSERT INTO `tb...')
#3 C:\xampp\htdocs\app_cafe_devita\system\Database\BaseBuilder.php(1771): CodeIgniter\Database\BaseConnection->query('INSERT INTO `tb...', Array, false)
#4 C:\xampp\htdocs\app_cafe_devita\system\Model.php(239): CodeIgniter\Database\BaseBuilder->insert()
#5 C:\xampp\htdocs\app_cafe_devita\system\BaseModel.php(738): CodeIgniter\Model->doInsert(Array)
#6 C:\xampp\htdocs\app_cafe_devita\system\Model.php(625): CodeIgniter\BaseModel->insert(Array, true)
#7 C:\xampp\htdocs\app_cafe_devita\app\Controllers\PesananController.php(92): CodeIgniter\Model->insert(Array)
#8 C:\xampp\htdocs\app_cafe_devita\system\CodeIgniter.php(825): App\Controllers\PesananController->simpan()
#9 C:\xampp\htdocs\app_cafe_devita\system\CodeIgniter.php(412): CodeIgniter\CodeIgniter->runController(Object(App\Controllers\PesananController))
#10 C:\xampp\htdocs\app_cafe_devita\system\CodeIgniter.php(320): CodeIgniter\CodeIgniter->handleRequest(NULL, Object(Config\Cache), false)
#11 C:\xampp\htdocs\app_cafe_devita\public\index.php(37): CodeIgniter\CodeIgniter->run()
#12 C:\xampp\htdocs\app_cafe_devita\system\Commands\Server\rewrite.php(43): require_once('C:\\xampp\\htdocs...')
#13 {main}
CRITICAL - 2022-03-03 21:50:51 --> Allowed fields must be specified for model: App\Models\DetailModel
#0 C:\xampp\htdocs\app_cafe_devita\system\BaseModel.php(1138): CodeIgniter\Database\Exceptions\DataException::forInvalidAllowedFields('App\\Models\\Deta...')
#1 C:\xampp\htdocs\app_cafe_devita\system\BaseModel.php(713): CodeIgniter\BaseModel->doProtectFields(Array)
#2 C:\xampp\htdocs\app_cafe_devita\system\Model.php(625): CodeIgniter\BaseModel->insert(Array, true)
#3 C:\xampp\htdocs\app_cafe_devita\app\Controllers\PesananController.php(103): CodeIgniter\Model->insert(Array)
#4 C:\xampp\htdocs\app_cafe_devita\system\CodeIgniter.php(825): App\Controllers\PesananController->simpan()
#5 C:\xampp\htdocs\app_cafe_devita\system\CodeIgniter.php(412): CodeIgniter\CodeIgniter->runController(Object(App\Controllers\PesananController))
#6 C:\xampp\htdocs\app_cafe_devita\system\CodeIgniter.php(320): CodeIgniter\CodeIgniter->handleRequest(NULL, Object(Config\Cache), false)
#7 C:\xampp\htdocs\app_cafe_devita\public\index.php(37): CodeIgniter\CodeIgniter->run()
#8 C:\xampp\htdocs\app_cafe_devita\system\Commands\Server\rewrite.php(43): require_once('C:\\xampp\\htdocs...')
#9 {main}
ERROR - 2022-03-03 21:51:17 --> Unknown column 'menu_id' in 'field list'
CRITICAL - 2022-03-03 21:51:17 --> Unknown column 'menu_id' in 'field list'
#0 C:\xampp\htdocs\app_cafe_devita\system\Database\MySQLi\Connection.php(292): mysqli->query('INSERT INTO `tb...', 0)
#1 C:\xampp\htdocs\app_cafe_devita\system\Database\BaseConnection.php(670): CodeIgniter\Database\MySQLi\Connection->execute('INSERT INTO `tb...')
#2 C:\xampp\htdocs\app_cafe_devita\system\Database\BaseConnection.php(598): CodeIgniter\Database\BaseConnection->simpleQuery('INSERT INTO `tb...')
#3 C:\xampp\htdocs\app_cafe_devita\system\Database\BaseBuilder.php(1771): CodeIgniter\Database\BaseConnection->query('INSERT INTO `tb...', Array, false)
#4 C:\xampp\htdocs\app_cafe_devita\system\Model.php(239): CodeIgniter\Database\BaseBuilder->insert()
#5 C:\xampp\htdocs\app_cafe_devita\system\BaseModel.php(738): CodeIgniter\Model->doInsert(Array)
#6 C:\xampp\htdocs\app_cafe_devita\system\Model.php(625): CodeIgniter\BaseModel->insert(Array, true)
#7 C:\xampp\htdocs\app_cafe_devita\app\Controllers\PesananController.php(103): CodeIgniter\Model->insert(Array)
#8 C:\xampp\htdocs\app_cafe_devita\system\CodeIgniter.php(825): App\Controllers\PesananController->simpan()
#9 C:\xampp\htdocs\app_cafe_devita\system\CodeIgniter.php(412): CodeIgniter\CodeIgniter->runController(Object(App\Controllers\PesananController))
#10 C:\xampp\htdocs\app_cafe_devita\system\CodeIgniter.php(320): CodeIgniter\CodeIgniter->handleRequest(NULL, Object(Config\Cache), false)
#11 C:\xampp\htdocs\app_cafe_devita\public\index.php(37): CodeIgniter\CodeIgniter->run()
#12 C:\xampp\htdocs\app_cafe_devita\system\Commands\Server\rewrite.php(43): require_once('C:\\xampp\\htdocs...')
#13 {main}
CRITICAL - 2022-03-03 21:52:44 --> Class 'App\Controllers\PesananModel' not found
#0 C:\xampp\htdocs\app_cafe_devita\system\CodeIgniter.php(802): App\Controllers\LaporanController->__construct()
#1 C:\xampp\htdocs\app_cafe_devita\system\CodeIgniter.php(403): CodeIgniter\CodeIgniter->createController()
#2 C:\xampp\htdocs\app_cafe_devita\system\CodeIgniter.php(320): CodeIgniter\CodeIgniter->handleRequest(NULL, Object(Config\Cache), false)
#3 C:\xampp\htdocs\app_cafe_devita\public\index.php(37): CodeIgniter\CodeIgniter->run()
#4 C:\xampp\htdocs\app_cafe_devita\system\Commands\Server\rewrite.php(43): require_once('C:\\xampp\\htdocs...')
#5 {main}
CRITICAL - 2022-03-03 21:53:29 --> Undefined index: pesanan_id
#0 C:\xampp\htdocs\app_cafe_devita\app\Views\DetailList.php(33): CodeIgniter\Debug\Exceptions->errorHandler(8, 'Undefined index...', 'C:\\xampp\\htdocs...', 33, Array)
#1 C:\xampp\htdocs\app_cafe_devita\system\View\View.php(210): include('C:\\xampp\\htdocs...')
#2 C:\xampp\htdocs\app_cafe_devita\system\View\View.php(213): CodeIgniter\View\View->CodeIgniter\View\{closure}()
#3 C:\xampp\htdocs\app_cafe_devita\system\Common.php(1089): CodeIgniter\View\View->render('DetailList', Array, true)
#4 C:\xampp\htdocs\app_cafe_devita\app\Controllers\LaporanController.php(23): view('DetailList', Array)
#5 C:\xampp\htdocs\app_cafe_devita\system\CodeIgniter.php(825): App\Controllers\LaporanController->tampil()
#6 C:\xampp\htdocs\app_cafe_devita\system\CodeIgniter.php(412): CodeIgniter\CodeIgniter->runController(Object(App\Controllers\LaporanController))
#7 C:\xampp\htdocs\app_cafe_devita\system\CodeIgniter.php(320): CodeIgniter\CodeIgniter->handleRequest(NULL, Object(Config\Cache), false)
#8 C:\xampp\htdocs\app_cafe_devita\public\index.php(37): CodeIgniter\CodeIgniter->run()
#9 C:\xampp\htdocs\app_cafe_devita\system\Commands\Server\rewrite.php(43): require_once('C:\\xampp\\htdocs...')
#10 {main}
CRITICAL - 2022-03-03 21:55:39 --> Undefined index: pesanan_id
#0 C:\xampp\htdocs\app_cafe_devita\app\Views\DetailList.php(33): CodeIgniter\Debug\Exceptions->errorHandler(8, 'Undefined index...', 'C:\\xampp\\htdocs...', 33, Array)
#1 C:\xampp\htdocs\app_cafe_devita\system\View\View.php(210): include('C:\\xampp\\htdocs...')
#2 C:\xampp\htdocs\app_cafe_devita\system\View\View.php(213): CodeIgniter\View\View->CodeIgniter\View\{closure}()
#3 C:\xampp\htdocs\app_cafe_devita\system\Common.php(1089): CodeIgniter\View\View->render('DetailList', Array, true)
#4 C:\xampp\htdocs\app_cafe_devita\app\Controllers\LaporanController.php(23): view('DetailList', Array)
#5 C:\xampp\htdocs\app_cafe_devita\system\CodeIgniter.php(825): App\Controllers\LaporanController->tampil()
#6 C:\xampp\htdocs\app_cafe_devita\system\CodeIgniter.php(412): CodeIgniter\CodeIgniter->runController(Object(App\Controllers\LaporanController))
#7 C:\xampp\htdocs\app_cafe_devita\system\CodeIgniter.php(320): CodeIgniter\CodeIgniter->handleRequest(NULL, Object(Config\Cache), false)
#8 C:\xampp\htdocs\app_cafe_devita\public\index.php(37): CodeIgniter\CodeIgniter->run()
#9 C:\xampp\htdocs\app_cafe_devita\system\Commands\Server\rewrite.php(43): require_once('C:\\xampp\\htdocs...')
#10 {main}
CRITICAL - 2022-03-03 21:58:54 --> Undefined index: pesanan_id
#0 C:\xampp\htdocs\app_cafe_devita\app\Views\DetailList.php(57): CodeIgniter\Debug\Exceptions->errorHandler(8, 'Undefined index...', 'C:\\xampp\\htdocs...', 57, Array)
#1 C:\xampp\htdocs\app_cafe_devita\system\View\View.php(210): include('C:\\xampp\\htdocs...')
#2 C:\xampp\htdocs\app_cafe_devita\system\View\View.php(213): CodeIgniter\View\View->CodeIgniter\View\{closure}()
#3 C:\xampp\htdocs\app_cafe_devita\system\Common.php(1089): CodeIgniter\View\View->render('DetailList', Array, true)
#4 C:\xampp\htdocs\app_cafe_devita\app\Controllers\LaporanController.php(23): view('DetailList', Array)
#5 C:\xampp\htdocs\app_cafe_devita\system\CodeIgniter.php(825): App\Controllers\LaporanController->tampil()
#6 C:\xampp\htdocs\app_cafe_devita\system\CodeIgniter.php(412): CodeIgniter\CodeIgniter->runController(Object(App\Controllers\LaporanController))
#7 C:\xampp\htdocs\app_cafe_devita\system\CodeIgniter.php(320): CodeIgniter\CodeIgniter->handleRequest(NULL, Object(Config\Cache), false)
#8 C:\xampp\htdocs\app_cafe_devita\public\index.php(37): CodeIgniter\CodeIgniter->run()
#9 C:\xampp\htdocs\app_cafe_devita\system\Commands\Server\rewrite.php(43): require_once('C:\\xampp\\htdocs...')
#10 {main}
CRITICAL - 2022-03-03 21:58:56 --> Undefined index: pesanan_id
#0 C:\xampp\htdocs\app_cafe_devita\app\Views\DetailList.php(57): CodeIgniter\Debug\Exceptions->errorHandler(8, 'Undefined index...', 'C:\\xampp\\htdocs...', 57, Array)
#1 C:\xampp\htdocs\app_cafe_devita\system\View\View.php(210): include('C:\\xampp\\htdocs...')
#2 C:\xampp\htdocs\app_cafe_devita\system\View\View.php(213): CodeIgniter\View\View->CodeIgniter\View\{closure}()
#3 C:\xampp\htdocs\app_cafe_devita\system\Common.php(1089): CodeIgniter\View\View->render('DetailList', Array, true)
#4 C:\xampp\htdocs\app_cafe_devita\app\Controllers\LaporanController.php(23): view('DetailList', Array)
#5 C:\xampp\htdocs\app_cafe_devita\system\CodeIgniter.php(825): App\Controllers\LaporanController->tampil()
#6 C:\xampp\htdocs\app_cafe_devita\system\CodeIgniter.php(412): CodeIgniter\CodeIgniter->runController(Object(App\Controllers\LaporanController))
#7 C:\xampp\htdocs\app_cafe_devita\system\CodeIgniter.php(320): CodeIgniter\CodeIgniter->handleRequest(NULL, Object(Config\Cache), false)
#8 C:\xampp\htdocs\app_cafe_devita\public\index.php(37): CodeIgniter\CodeIgniter->run()
#9 C:\xampp\htdocs\app_cafe_devita\system\Commands\Server\rewrite.php(43): require_once('C:\\xampp\\htdocs...')
#10 {main}
CRITICAL - 2022-03-03 21:59:01 --> Undefined index: pesanan_id
#0 C:\xampp\htdocs\app_cafe_devita\app\Views\DetailList.php(57): CodeIgniter\Debug\Exceptions->errorHandler(8, 'Undefined index...', 'C:\\xampp\\htdocs...', 57, Array)
#1 C:\xampp\htdocs\app_cafe_devita\system\View\View.php(210): include('C:\\xampp\\htdocs...')
#2 C:\xampp\htdocs\app_cafe_devita\system\View\View.php(213): CodeIgniter\View\View->CodeIgniter\View\{closure}()
#3 C:\xampp\htdocs\app_cafe_devita\system\Common.php(1089): CodeIgniter\View\View->render('DetailList', Array, true)
#4 C:\xampp\htdocs\app_cafe_devita\app\Controllers\LaporanController.php(23): view('DetailList', Array)
#5 C:\xampp\htdocs\app_cafe_devita\system\CodeIgniter.php(825): App\Controllers\LaporanController->tampil()
#6 C:\xampp\htdocs\app_cafe_devita\system\CodeIgniter.php(412): CodeIgniter\CodeIgniter->runController(Object(App\Controllers\LaporanController))
#7 C:\xampp\htdocs\app_cafe_devita\system\CodeIgniter.php(320): CodeIgniter\CodeIgniter->handleRequest(NULL, Object(Config\Cache), false)
#8 C:\xampp\htdocs\app_cafe_devita\public\index.php(37): CodeIgniter\CodeIgniter->run()
#9 C:\xampp\htdocs\app_cafe_devita\system\Commands\Server\rewrite.php(43): require_once('C:\\xampp\\htdocs...')
#10 {main}
CRITICAL - 2022-03-03 22:01:42 --> Undefined index: pesanan_id
#0 C:\xampp\htdocs\app_cafe_devita\app\Views\DetailList.php(57): CodeIgniter\Debug\Exceptions->errorHandler(8, 'Undefined index...', 'C:\\xampp\\htdocs...', 57, Array)
#1 C:\xampp\htdocs\app_cafe_devita\system\View\View.php(210): include('C:\\xampp\\htdocs...')
#2 C:\xampp\htdocs\app_cafe_devita\system\View\View.php(213): CodeIgniter\View\View->CodeIgniter\View\{closure}()
#3 C:\xampp\htdocs\app_cafe_devita\system\Common.php(1089): CodeIgniter\View\View->render('DetailList', Array, true)
#4 C:\xampp\htdocs\app_cafe_devita\app\Controllers\LaporanController.php(23): view('DetailList', Array)
#5 C:\xampp\htdocs\app_cafe_devita\system\CodeIgniter.php(825): App\Controllers\LaporanController->tampil()
#6 C:\xampp\htdocs\app_cafe_devita\system\CodeIgniter.php(412): CodeIgniter\CodeIgniter->runController(Object(App\Controllers\LaporanController))
#7 C:\xampp\htdocs\app_cafe_devita\system\CodeIgniter.php(320): CodeIgniter\CodeIgniter->handleRequest(NULL, Object(Config\Cache), false)
#8 C:\xampp\htdocs\app_cafe_devita\public\index.php(37): CodeIgniter\CodeIgniter->run()
#9 C:\xampp\htdocs\app_cafe_devita\system\Commands\Server\rewrite.php(43): require_once('C:\\xampp\\htdocs...')
#10 {main}
CRITICAL - 2022-03-03 22:02:07 --> Undefined index: pesanan_id
#0 C:\xampp\htdocs\app_cafe_devita\app\Views\DetailList.php(57): CodeIgniter\Debug\Exceptions->errorHandler(8, 'Undefined index...', 'C:\\xampp\\htdocs...', 57, Array)
#1 C:\xampp\htdocs\app_cafe_devita\system\View\View.php(210): include('C:\\xampp\\htdocs...')
#2 C:\xampp\htdocs\app_cafe_devita\system\View\View.php(213): CodeIgniter\View\View->CodeIgniter\View\{closure}()
#3 C:\xampp\htdocs\app_cafe_devita\system\Common.php(1089): CodeIgniter\View\View->render('DetailList', Array, true)
#4 C:\xampp\htdocs\app_cafe_devita\app\Controllers\LaporanController.php(23): view('DetailList', Array)
#5 C:\xampp\htdocs\app_cafe_devita\system\CodeIgniter.php(825): App\Controllers\LaporanController->tampil()
#6 C:\xampp\htdocs\app_cafe_devita\system\CodeIgniter.php(412): CodeIgniter\CodeIgniter->runController(Object(App\Controllers\LaporanController))
#7 C:\xampp\htdocs\app_cafe_devita\system\CodeIgniter.php(320): CodeIgniter\CodeIgniter->handleRequest(NULL, Object(Config\Cache), false)
#8 C:\xampp\htdocs\app_cafe_devita\public\index.php(37): CodeIgniter\CodeIgniter->run()
#9 C:\xampp\htdocs\app_cafe_devita\system\Commands\Server\rewrite.php(43): require_once('C:\\xampp\\htdocs...')
#10 {main}
CRITICAL - 2022-03-03 22:02:41 --> Undefined index: pesanan_id
#0 C:\xampp\htdocs\app_cafe_devita\app\Views\DetailList.php(57): CodeIgniter\Debug\Exceptions->errorHandler(8, 'Undefined index...', 'C:\\xampp\\htdocs...', 57, Array)
#1 C:\xampp\htdocs\app_cafe_devita\system\View\View.php(210): include('C:\\xampp\\htdocs...')
#2 C:\xampp\htdocs\app_cafe_devita\system\View\View.php(213): CodeIgniter\View\View->CodeIgniter\View\{closure}()
#3 C:\xampp\htdocs\app_cafe_devita\system\Common.php(1089): CodeIgniter\View\View->render('DetailList', Array, true)
#4 C:\xampp\htdocs\app_cafe_devita\app\Controllers\LaporanController.php(23): view('DetailList', Array)
#5 C:\xampp\htdocs\app_cafe_devita\system\CodeIgniter.php(825): App\Controllers\LaporanController->tampil()
#6 C:\xampp\htdocs\app_cafe_devita\system\CodeIgniter.php(412): CodeIgniter\CodeIgniter->runController(Object(App\Controllers\LaporanController))
#7 C:\xampp\htdocs\app_cafe_devita\system\CodeIgniter.php(320): CodeIgniter\CodeIgniter->handleRequest(NULL, Object(Config\Cache), false)
#8 C:\xampp\htdocs\app_cafe_devita\public\index.php(37): CodeIgniter\CodeIgniter->run()
#9 C:\xampp\htdocs\app_cafe_devita\system\Commands\Server\rewrite.php(43): require_once('C:\\xampp\\htdocs...')
#10 {main}
CRITICAL - 2022-03-03 22:05:55 --> Undefined index: pesanan_id
#0 C:\xampp\htdocs\app_cafe_devita\app\Views\DetailList.php(57): CodeIgniter\Debug\Exceptions->errorHandler(8, 'Undefined index...', 'C:\\xampp\\htdocs...', 57, Array)
#1 C:\xampp\htdocs\app_cafe_devita\system\View\View.php(210): include('C:\\xampp\\htdocs...')
#2 C:\xampp\htdocs\app_cafe_devita\system\View\View.php(213): CodeIgniter\View\View->CodeIgniter\View\{closure}()
#3 C:\xampp\htdocs\app_cafe_devita\system\Common.php(1089): CodeIgniter\View\View->render('DetailList', Array, true)
#4 C:\xampp\htdocs\app_cafe_devita\app\Controllers\LaporanController.php(23): view('DetailList', Array)
#5 C:\xampp\htdocs\app_cafe_devita\system\CodeIgniter.php(825): App\Controllers\LaporanController->tampil()
#6 C:\xampp\htdocs\app_cafe_devita\system\CodeIgniter.php(412): CodeIgniter\CodeIgniter->runController(Object(App\Controllers\LaporanController))
#7 C:\xampp\htdocs\app_cafe_devita\system\CodeIgniter.php(320): CodeIgniter\CodeIgniter->handleRequest(NULL, Object(Config\Cache), false)
#8 C:\xampp\htdocs\app_cafe_devita\public\index.php(37): CodeIgniter\CodeIgniter->run()
#9 C:\xampp\htdocs\app_cafe_devita\system\Commands\Server\rewrite.php(43): require_once('C:\\xampp\\htdocs...')
#10 {main}
CRITICAL - 2022-03-03 22:06:22 --> Undefined index: pesanan_id
#0 C:\xampp\htdocs\app_cafe_devita\app\Views\DetailList.php(57): CodeIgniter\Debug\Exceptions->errorHandler(8, 'Undefined index...', 'C:\\xampp\\htdocs...', 57, Array)
#1 C:\xampp\htdocs\app_cafe_devita\system\View\View.php(210): include('C:\\xampp\\htdocs...')
#2 C:\xampp\htdocs\app_cafe_devita\system\View\View.php(213): CodeIgniter\View\View->CodeIgniter\View\{closure}()
#3 C:\xampp\htdocs\app_cafe_devita\system\Common.php(1089): CodeIgniter\View\View->render('DetailList', Array, true)
#4 C:\xampp\htdocs\app_cafe_devita\app\Controllers\LaporanController.php(23): view('DetailList', Array)
#5 C:\xampp\htdocs\app_cafe_devita\system\CodeIgniter.php(825): App\Controllers\LaporanController->tampil()
#6 C:\xampp\htdocs\app_cafe_devita\system\CodeIgniter.php(412): CodeIgniter\CodeIgniter->runController(Object(App\Controllers\LaporanController))
#7 C:\xampp\htdocs\app_cafe_devita\system\CodeIgniter.php(320): CodeIgniter\CodeIgniter->handleRequest(NULL, Object(Config\Cache), false)
#8 C:\xampp\htdocs\app_cafe_devita\public\index.php(37): CodeIgniter\CodeIgniter->run()
#9 C:\xampp\htdocs\app_cafe_devita\system\Commands\Server\rewrite.php(43): require_once('C:\\xampp\\htdocs...')
#10 {main}
CRITICAL - 2022-03-03 22:10:05 --> syntax error, unexpected end of file
#0 C:\xampp\htdocs\app_cafe_devita\system\View\View.php(213): CodeIgniter\View\View->CodeIgniter\View\{closure}()
#1 C:\xampp\htdocs\app_cafe_devita\system\Common.php(1089): CodeIgniter\View\View->render('DetailList', Array, true)
#2 C:\xampp\htdocs\app_cafe_devita\app\Controllers\LaporanController.php(23): view('DetailList', Array)
#3 C:\xampp\htdocs\app_cafe_devita\system\CodeIgniter.php(825): App\Controllers\LaporanController->tampil()
#4 C:\xampp\htdocs\app_cafe_devita\system\CodeIgniter.php(412): CodeIgniter\CodeIgniter->runController(Object(App\Controllers\LaporanController))
#5 C:\xampp\htdocs\app_cafe_devita\system\CodeIgniter.php(320): CodeIgniter\CodeIgniter->handleRequest(NULL, Object(Config\Cache), false)
#6 C:\xampp\htdocs\app_cafe_devita\public\index.php(37): CodeIgniter\CodeIgniter->run()
#7 C:\xampp\htdocs\app_cafe_devita\system\Commands\Server\rewrite.php(43): require_once('C:\\xampp\\htdocs...')
#8 {main}
