CRITICAL - 2022-03-04 18:41:35 -->  route cannot be found while reverse-routing.
#0 C:\xampp\htdocs\app_cafe_devita\system\HTTP\RedirectResponse.php(56): CodeIgniter\HTTP\Exceptions\HTTPException::forInvalidRedirectRoute('')
#1 C:\xampp\htdocs\app_cafe_devita\system\Common.php(832): CodeIgniter\HTTP\RedirectResponse->route(false)
#2 C:\xampp\htdocs\app_cafe_devita\app\Controllers\UserController.php(99): redirect('/login')
#3 C:\xampp\htdocs\app_cafe_devita\system\CodeIgniter.php(825): App\Controllers\UserController->logout()
#4 C:\xampp\htdocs\app_cafe_devita\system\CodeIgniter.php(412): CodeIgniter\CodeIgniter->runController(Object(App\Controllers\UserController))
#5 C:\xampp\htdocs\app_cafe_devita\system\CodeIgniter.php(320): CodeIgniter\CodeIgniter->handleRequest(NULL, Object(Config\Cache), false)
#6 C:\xampp\htdocs\app_cafe_devita\public\index.php(37): CodeIgniter\CodeIgniter->run()
#7 C:\xampp\htdocs\app_cafe_devita\system\Commands\Server\rewrite.php(43): require_once('C:\\xampp\\htdocs...')
#8 {main}
CRITICAL - 2022-03-04 18:41:43 -->  route cannot be found while reverse-routing.
#0 C:\xampp\htdocs\app_cafe_devita\system\HTTP\RedirectResponse.php(56): CodeIgniter\HTTP\Exceptions\HTTPException::forInvalidRedirectRoute('')
#1 C:\xampp\htdocs\app_cafe_devita\system\Common.php(832): CodeIgniter\HTTP\RedirectResponse->route(false)
#2 C:\xampp\htdocs\app_cafe_devita\app\Controllers\UserController.php(99): redirect('/login')
#3 C:\xampp\htdocs\app_cafe_devita\system\CodeIgniter.php(825): App\Controllers\UserController->logout()
#4 C:\xampp\htdocs\app_cafe_devita\system\CodeIgniter.php(412): CodeIgniter\CodeIgniter->runController(Object(App\Controllers\UserController))
#5 C:\xampp\htdocs\app_cafe_devita\system\CodeIgniter.php(320): CodeIgniter\CodeIgniter->handleRequest(NULL, Object(Config\Cache), false)
#6 C:\xampp\htdocs\app_cafe_devita\public\index.php(37): CodeIgniter\CodeIgniter->run()
#7 C:\xampp\htdocs\app_cafe_devita\system\Commands\Server\rewrite.php(43): require_once('C:\\xampp\\htdocs...')
#8 {main}
CRITICAL - 2022-03-04 18:42:45 -->  route cannot be found while reverse-routing.
#0 C:\xampp\htdocs\app_cafe_devita\system\HTTP\RedirectResponse.php(56): CodeIgniter\HTTP\Exceptions\HTTPException::forInvalidRedirectRoute('')
#1 C:\xampp\htdocs\app_cafe_devita\system\Common.php(832): CodeIgniter\HTTP\RedirectResponse->route(false)
#2 C:\xampp\htdocs\app_cafe_devita\app\Controllers\UserController.php(99): redirect('/login')
#3 C:\xampp\htdocs\app_cafe_devita\system\CodeIgniter.php(825): App\Controllers\UserController->logout()
#4 C:\xampp\htdocs\app_cafe_devita\system\CodeIgniter.php(412): CodeIgniter\CodeIgniter->runController(Object(App\Controllers\UserController))
#5 C:\xampp\htdocs\app_cafe_devita\system\CodeIgniter.php(320): CodeIgniter\CodeIgniter->handleRequest(NULL, Object(Config\Cache), false)
#6 C:\xampp\htdocs\app_cafe_devita\public\index.php(37): CodeIgniter\CodeIgniter->run()
#7 C:\xampp\htdocs\app_cafe_devita\system\Commands\Server\rewrite.php(43): require_once('C:\\xampp\\htdocs...')
#8 {main}
